mode: atomic
github.com/d0ugal/promexporter/app/app.go:53.28,57.2 1 2
github.com/d0ugal/promexporter/app/app.go:60.52,63.2 2 2
github.com/d0ugal/promexporter/app/app.go:66.60,69.2 2 2
github.com/d0ugal/promexporter/app/app.go:72.55,75.2 2 0
github.com/d0ugal/promexporter/app/app.go:78.71,86.2 2 1
github.com/d0ugal/promexporter/app/app.go:89.43,91.2 1 0
github.com/d0ugal/promexporter/app/app.go:94.28,104.31 4 2
github.com/d0ugal/promexporter/app/app.go:104.31,106.17 2 0
github.com/d0ugal/promexporter/app/app.go:106.17,109.4 1 0
github.com/d0ugal/promexporter/app/app.go:109.9,113.4 2 0
github.com/d0ugal/promexporter/app/app.go:117.2,117.26 1 2
github.com/d0ugal/promexporter/app/app.go:117.26,124.3 1 1
github.com/d0ugal/promexporter/app/app.go:124.8,134.3 3 1
github.com/d0ugal/promexporter/app/app.go:137.2,138.26 2 2
github.com/d0ugal/promexporter/app/app.go:138.26,144.3 1 1
github.com/d0ugal/promexporter/app/app.go:146.2,148.10 2 2
github.com/d0ugal/promexporter/app/app.go:152.27,157.41 3 0
github.com/d0ugal/promexporter/app/app.go:157.41,159.3 1 0
github.com/d0ugal/promexporter/app/app.go:162.2,165.12 3 0
github.com/d0ugal/promexporter/app/app.go:165.12,171.42 4 0
github.com/d0ugal/promexporter/app/app.go:171.42,173.4 1 0
github.com/d0ugal/promexporter/app/app.go:176.3,176.22 1 0
github.com/d0ugal/promexporter/app/app.go:176.22,180.57 3 0
github.com/d0ugal/promexporter/app/app.go:180.57,182.5 1 0
github.com/d0ugal/promexporter/app/app.go:186.3,186.45 1 0
github.com/d0ugal/promexporter/app/app.go:186.45,188.4 1 0
github.com/d0ugal/promexporter/app/app.go:192.2,192.41 1 0
github.com/d0ugal/promexporter/app/app.go:192.41,195.3 2 0
github.com/d0ugal/promexporter/app/app.go:197.2,197.12 1 0
