mode: atomic
github.com/d0ugal/promexporter/app/app.go:48.28,52.2 1 2
github.com/d0ugal/promexporter/app/app.go:55.52,58.2 2 2
github.com/d0ugal/promexporter/app/app.go:61.60,64.2 2 2
github.com/d0ugal/promexporter/app/app.go:67.55,70.2 2 0
github.com/d0ugal/promexporter/app/app.go:73.71,81.2 2 1
github.com/d0ugal/promexporter/app/app.go:84.28,93.26 3 2
github.com/d0ugal/promexporter/app/app.go:93.26,96.3 1 1
github.com/d0ugal/promexporter/app/app.go:96.8,102.3 3 1
github.com/d0ugal/promexporter/app/app.go:105.2,106.26 2 2
github.com/d0ugal/promexporter/app/app.go:106.26,112.3 1 1
github.com/d0ugal/promexporter/app/app.go:114.2,116.10 2 2
github.com/d0ugal/promexporter/app/app.go:120.27,125.41 3 0
github.com/d0ugal/promexporter/app/app.go:125.41,127.3 1 0
github.com/d0ugal/promexporter/app/app.go:130.2,133.12 3 0
github.com/d0ugal/promexporter/app/app.go:133.12,139.42 4 0
github.com/d0ugal/promexporter/app/app.go:139.42,141.4 1 0
github.com/d0ugal/promexporter/app/app.go:144.3,144.45 1 0
github.com/d0ugal/promexporter/app/app.go:144.45,146.4 1 0
github.com/d0ugal/promexporter/app/app.go:150.2,150.41 1 0
github.com/d0ugal/promexporter/app/app.go:150.41,153.3 2 0
github.com/d0ugal/promexporter/app/app.go:155.2,155.12 1 0
